2025-08-13 14:35:54 [INFO ] 🚀 Стабильный трекер лестницы — запуск
2025-08-13 14:35:56 [INFO ] 🟢 Трекинг запущен. Якорь: [291.348 236.752]
2025-08-13 14:35:56 [INFO ] ➕ Добавлена новая точка лестницы с центром масс [292.0283  238.60767]
2025-08-13 14:35:56 [WARNING] Низкие inliers (375 < 455.0) -> пропуск
2025-08-13 14:35:57 [INFO ] ➕ Добавлена новая точка лестницы с центром масс [301.78152 226.33133]
2025-08-13 14:36:02 [INFO ] 🔙 Возврат к предыдущей точке (осталось: 2)
2025-08-13 14:36:02 [INFO ] 🔙 Возврат к предыдущей точке (осталось: 1)
2025-08-13 14:36:10 [INFO ] ➕ Добавлена новая точка лестницы с центром масс [260.29395 244.18832]
2025-08-13 14:36:11 [WARNING] Низкие inliers (160 < 224.5) -> пропуск
2025-08-13 14:36:11 [WARNING] Низкие inliers (208 < 215.5) -> пропуск
2025-08-13 14:36:11 [INFO ] ➕ Добавлена новая точка лестницы с центром масс [220.9075  253.18004]
2025-08-13 14:36:29 [INFO ] ➕ Добавлена новая точка лестницы с центром масс [370.57065 182.43167]
2025-08-13 14:36:32 [WARNING] Низкие inliers (80 < 153.0) -> пропуск
2025-08-13 14:36:33 [WARNING] Низкие inliers (123 < 143.0) -> пропуск
2025-08-13 14:36:33 [WARNING] Низкие inliers (120 < 141.5) -> пропуск
2025-08-13 14:36:33 [WARNING] Низкие inliers (126 < 135.0) -> пропуск
2025-08-13 14:36:33 [WARNING] Низкие inliers (122 < 130.0) -> пропуск
2025-08-13 14:36:43 [INFO ] ➕ Добавлена новая точка лестницы с центром масс [177.08063 206.18794]
2025-08-13 14:36:48 [WARNING] Низкие inliers (65 < 86.5) -> пропуск
2025-08-13 14:36:49 [INFO ] Переинициализация трека
2025-08-13 14:36:49 [WARNING] Низкие inliers (25 < 61.5) -> пропуск
2025-08-13 14:36:49 [INFO ] Переинициализация трека
2025-08-13 14:36:49 [WARNING] Низкие inliers (119 < 242.5) -> пропуск
2025-08-13 14:36:49 [WARNING] Низкие inliers (12 < 71.0) -> пропуск
2025-08-13 14:36:49 [INFO ] Переинициализация трека
2025-08-13 14:36:49 [WARNING] Низкие inliers (5 < 17.0) -> пропуск
2025-08-13 14:36:49 [INFO ] Переинициализация трека
2025-08-13 14:36:49 [WARNING] Низкие inliers (7 < 33.5) -> пропуск
2025-08-13 14:36:49 [INFO ] Переинициализация трека
2025-08-13 14:36:49 [INFO ] Переинициализация трека
2025-08-13 14:36:49 [INFO ] Переинициализация трека
2025-08-13 14:36:49 [INFO ] Переинициализация трека
2025-08-13 14:36:49 [INFO ] Переинициализация трека
2025-08-13 14:36:49 [INFO ] Переинициализация трека
2025-08-13 14:36:49 [INFO ] Переинициализация трека
2025-08-13 14:36:49 [INFO ] Переинициализация трека
2025-08-13 14:36:49 [INFO ] Переинициализация трека
2025-08-13 14:36:49 [INFO ] Переинициализация трека
2025-08-13 14:36:49 [INFO ] Переинициализация трека
2025-08-13 14:36:49 [INFO ] Переинициализация трека
2025-08-13 14:36:49 [INFO ] Переинициализация трека
2025-08-13 14:36:50 [INFO ] Переинициализация трека
2025-08-13 14:36:50 [INFO ] Переинициализация трека
2025-08-13 14:36:50 [INFO ] Переинициализация трека
2025-08-13 14:36:50 [INFO ] Переинициализация трека
2025-08-13 14:36:50 [INFO ] Переинициализация трека
2025-08-13 14:36:50 [INFO ] Переинициализация трека
2025-08-13 14:36:50 [INFO ] Переинициализация трека
2025-08-13 14:36:50 [INFO ] Переинициализация трека
2025-08-13 14:36:50 [INFO ] ➕ Добавлена новая точка лестницы с центром масс [146.104   257.11258]
2025-08-13 14:36:50 [WARNING] Низкие inliers (14 < 16.0) -> пропуск
2025-08-13 14:37:01 [INFO ] ➕ Добавлена новая точка лестницы с центром масс [109.1184  261.09885]
2025-08-13 14:37:04 [INFO ] Переинициализация трека
2025-08-13 14:37:20 [INFO ] Переинициализация трека
2025-08-13 14:37:40 [WARNING] Низкие inliers (8 < 15) -> пропуск
2025-08-13 14:37:51 [INFO ] Переинициализация трека
2025-08-13 14:38:17 [INFO ] Остановлено пользователем
2025-08-13 14:38:18 [INFO ] Система завершена
